0 info it worked if it ends with ok
1 verbose cli [ '/Users/mathisonian/.nvm/versions/node/v6.6.0/bin/node',
1 verbose cli   '/Users/mathisonian/.nvm/versions/node/v6.6.0/bin/npm',
1 verbose cli   'run',
1 verbose cli   'watch' ]
2 info using npm@3.10.3
3 info using node@v6.6.0
4 verbose run-script [ 'prewatch', 'watch', 'postwatch' ]
5 info lifecycle big-crossfilter@1.0.0~prewatch: big-crossfilter@1.0.0
6 silly lifecycle big-crossfilter@1.0.0~prewatch: no script for prewatch, continuing
7 info lifecycle big-crossfilter@1.0.0~watch: big-crossfilter@1.0.0
8 verbose lifecycle big-crossfilter@1.0.0~watch: unsafe-perm in lifecycle true
9 verbose lifecycle big-crossfilter@1.0.0~watch: PATH: /Users/mathisonian/.nvm/versions/node/v6.6.0/lib/node_modules/npm/bin/node-gyp-bin:/Users/mathisonian/projects/big-crossfilter/node_modules/.bin:/Users/mathisonian/.nvm/versions/node/v6.6.0/bin:/Users/mathisonian/.nvm/versions/node/v6.6.0/bin:/usr/local/heroku/bin:/Users/mathisonian/projects/nanocube-3.2.1/bin:/Applications/Postgres.app/Contents/Versions/latest/bin:/Users/mathisonian/bin::/Users/mathisonian/.rvm/bin:/usr/local/bin:/usr/bin:/bin:/usr/sbin:/sbin:/usr/local/sbin
10 verbose lifecycle big-crossfilter@1.0.0~watch: CWD: /Users/mathisonian/projects/big-crossfilter
11 silly lifecycle big-crossfilter@1.0.0~watch: Args: [ '-c', 'watchify client.js -p [ tsify ] -o public/bundle.js' ]
12 silly lifecycle big-crossfilter@1.0.0~watch: Returned: code: 1  signal: null
13 info lifecycle big-crossfilter@1.0.0~watch: Failed to exec watch script
14 verbose stack Error: big-crossfilter@1.0.0 watch: `watchify client.js -p [ tsify ] -o public/bundle.js`
14 verbose stack Exit status 1
14 verbose stack     at EventEmitter.<anonymous> (/Users/mathisonian/.nvm/versions/node/v6.6.0/lib/node_modules/npm/lib/utils/lifecycle.js:242:16)
14 verbose stack     at emitTwo (events.js:106:13)
14 verbose stack     at EventEmitter.emit (events.js:191:7)
14 verbose stack     at ChildProcess.<anonymous> (/Users/mathisonian/.nvm/versions/node/v6.6.0/lib/node_modules/npm/lib/utils/spawn.js:40:14)
14 verbose stack     at emitTwo (events.js:106:13)
14 verbose stack     at ChildProcess.emit (events.js:191:7)
14 verbose stack     at maybeClose (internal/child_process.js:877:16)
14 verbose stack     at Process.ChildProcess._handle.onexit (internal/child_process.js:226:5)
15 verbose pkgid big-crossfilter@1.0.0
16 verbose cwd /Users/mathisonian/projects/big-crossfilter
17 error Darwin 15.6.0
18 error argv "/Users/mathisonian/.nvm/versions/node/v6.6.0/bin/node" "/Users/mathisonian/.nvm/versions/node/v6.6.0/bin/npm" "run" "watch"
19 error node v6.6.0
20 error npm  v3.10.3
21 error code ELIFECYCLE
22 error big-crossfilter@1.0.0 watch: `watchify client.js -p [ tsify ] -o public/bundle.js`
22 error Exit status 1
23 error Failed at the big-crossfilter@1.0.0 watch script 'watchify client.js -p [ tsify ] -o public/bundle.js'.
23 error Make sure you have the latest version of node.js and npm installed.
23 error If you do, this is most likely a problem with the big-crossfilter package,
23 error not with npm itself.
23 error Tell the author that this fails on your system:
23 error     watchify client.js -p [ tsify ] -o public/bundle.js
23 error You can get information on how to open an issue for this project with:
23 error     npm bugs big-crossfilter
23 error Or if that isn't available, you can get their info via:
23 error     npm owner ls big-crossfilter
23 error There is likely additional logging output above.
24 verbose exit [ 1, true ]
